  Animation.cpp
c:\users\владимир\desktop\survival\survival\animation.cpp(32): warning C4244: +=: преобразование "double" в "float", возможна потеря данных
c:\users\владимир\desktop\survival\survival\animation.cpp(34): warning C4244: аргумент: преобразование "int" в "float", возможна потеря данных
c:\users\владимир\desktop\survival\survival\animation.cpp(37): warning C4244: +=: преобразование "double" в "float", возможна потеря данных
c:\users\владимир\desktop\survival\survival\animation.cpp(39): warning C4244: аргумент: преобразование "int" в "float", возможна потеря данных
c:\users\владимир\desktop\survival\survival\animation.cpp(42): warning C4244: +=: преобразование "double" в "float", возможна потеря данных
c:\users\владимир\desktop\survival\survival\animation.cpp(44): warning C4244: аргумент: преобразование "int" в "float", возможна потеря данных
c:\users\владимир\desktop\survival\survival\animation.cpp(47): warning C4244: +=: преобразование "double" в "float", возможна потеря данных
c:\users\владимир\desktop\survival\survival\animation.cpp(49): warning C4244: аргумент: преобразование "int" в "float", возможна потеря данных
c:\users\владимир\desktop\survival\survival\animation.cpp(59): warning C4018: <: несоответствие типов со знаком и без знака
c:\users\владимир\desktop\survival\survival\animation.cpp(60): warning C4018: <: несоответствие типов со знаком и без знака
c:\users\владимир\desktop\survival\survival\animation.cpp(85): warning C4244: аргумент: преобразование "int" в "float", возможна потеря данных
  Chicken.cpp
c:\users\владимир\desktop\survival\survival\chicken.cpp(7): warning C4244: аргумент: преобразование "float" в "unsigned int", возможна потеря данных
c:\users\владимир\desktop\survival\survival\chicken.cpp(8): warning C4244: аргумент: преобразование "float" в "unsigned int", возможна потеря данных
c:\users\владимир\desktop\survival\survival\chicken.cpp(18): warning C4244: аргумент: преобразование "float" в "int", возможна потеря данных
c:\users\владимир\desktop\survival\survival\chicken.cpp(20): warning C4244: аргумент: преобразование "time_t" в "unsigned int", возможна потеря данных
  Player.cpp
c:\users\владимир\desktop\survival\survival\player.cpp(6): warning C4244: аргумент: преобразование "float" в "unsigned int", возможна потеря данных
c:\users\владимир\desktop\survival\survival\player.cpp(7): warning C4244: аргумент: преобразование "float" в "unsigned int", возможна потеря данных
c:\users\владимир\desktop\survival\survival\player.cpp(20): warning C4244: аргумент: преобразование "float" в "int", возможна потеря данных
c:\users\владимир\desktop\survival\survival\player.cpp(31): warning C4244: аргумент: преобразование "time_t" в "unsigned int", возможна потеря данных
c:\users\владимир\desktop\survival\survival\player.cpp(132): warning C4244: аргумент: преобразование "int" в "float", возможна потеря данных
c:\users\владимир\desktop\survival\survival\player.cpp(133): warning C4244: =: преобразование "int" в "float", возможна потеря данных
c:\users\владимир\desktop\survival\survival\player.cpp(134): warning C4244: =: преобразование "int" в "float", возможна потеря данных
c:\users\владимир\desktop\survival\survival\player.cpp(146): warning C4244: =: преобразование "unsigned int" в "float", возможна потеря данных
c:\users\владимир\desktop\survival\survival\player.cpp(152): warning C4244: =: преобразование "unsigned int" в "float", возможна потеря данных
c:\users\владимир\desktop\survival\survival\player.cpp(164): warning C4305: аргумент: усечение из "double" в "float"
c:\users\владимир\desktop\survival\survival\player.cpp(168): warning C4305: аргумент: усечение из "double" в "float"
c:\users\владимир\desktop\survival\survival\player.cpp(172): warning C4305: аргумент: усечение из "double" в "float"
c:\users\владимир\desktop\survival\survival\player.cpp(176): warning C4305: аргумент: усечение из "double" в "float"
c:\users\владимир\desktop\survival\survival\player.cpp(199): warning C4018: <: несоответствие типов со знаком и без знака
c:\users\владимир\desktop\survival\survival\player.cpp(200): warning C4018: <: несоответствие типов со знаком и без знака
c:\users\владимир\desktop\survival\survival\player.cpp(210): warning C4244: аргумент: преобразование "int" в "float", возможна потеря данных
c:\users\владимир\desktop\survival\survival\player.cpp(243): warning C4244: =: преобразование "float" в "int", возможна потеря данных
c:\users\владимир\desktop\survival\survival\player.cpp(244): warning C4244: =: преобразование "float" в "int", возможна потеря данных
c:\users\владимир\desktop\survival\survival\player.cpp(250): warning C4244: =: преобразование "float" в "int", возможна потеря данных
c:\users\владимир\desktop\survival\survival\player.cpp(251): warning C4244: =: преобразование "float" в "int", возможна потеря данных
c:\users\владимир\desktop\survival\survival\player.cpp(257): warning C4244: =: преобразование "float" в "int", возможна потеря данных
c:\users\владимир\desktop\survival\survival\player.cpp(258): warning C4244: =: преобразование "float" в "int", возможна потеря данных
c:\users\владимир\desktop\survival\survival\player.cpp(264): warning C4244: =: преобразование "float" в "int", возможна потеря данных
c:\users\владимир\desktop\survival\survival\player.cpp(265): warning C4244: =: преобразование "float" в "int", возможна потеря данных
c:\users\владимир\desktop\survival\survival\player.cpp(315): warning C4244: =: преобразование "float" в "int", возможна потеря данных
c:\users\владимир\desktop\survival\survival\player.cpp(316): warning C4244: =: преобразование "float" в "int", возможна потеря данных
c:\users\владимир\desktop\survival\survival\player.cpp(326): warning C4244: =: преобразование "float" в "int", возможна потеря данных
c:\users\владимир\desktop\survival\survival\player.cpp(327): warning C4244: =: преобразование "float" в "int", возможна потеря данных
c:\users\владимир\desktop\survival\survival\player.cpp(337): warning C4244: =: преобразование "float" в "int", возможна потеря данных
c:\users\владимир\desktop\survival\survival\player.cpp(338): warning C4244: =: преобразование "float" в "int", возможна потеря данных
c:\users\владимир\desktop\survival\survival\player.cpp(348): warning C4244: =: преобразование "float" в "int", возможна потеря данных
c:\users\владимир\desktop\survival\survival\player.cpp(349): warning C4244: =: преобразование "float" в "int", возможна потеря данных
c:\users\владимир\desktop\survival\survival\player.cpp(367): warning C4244: =: преобразование "float" в "int", возможна потеря данных
c:\users\владимир\desktop\survival\survival\player.cpp(368): warning C4244: =: преобразование "float" в "int", возможна потеря данных
c:\users\владимир\desktop\survival\survival\player.cpp(376): warning C4244: =: преобразование "float" в "int", возможна потеря данных
c:\users\владимир\desktop\survival\survival\player.cpp(377): warning C4244: =: преобразование "float" в "int", возможна потеря данных
c:\users\владимир\desktop\survival\survival\player.cpp(385): warning C4244: =: преобразование "float" в "int", возможна потеря данных
c:\users\владимир\desktop\survival\survival\player.cpp(386): warning C4244: =: преобразование "float" в "int", возможна потеря данных
c:\users\владимир\desktop\survival\survival\player.cpp(394): warning C4244: =: преобразование "float" в "int", возможна потеря данных
c:\users\владимир\desktop\survival\survival\player.cpp(395): warning C4244: =: преобразование "float" в "int", возможна потеря данных
  Survival.cpp
c:\users\владимир\desktop\survival\survival\survival.cpp(37): warning C4244: инициализация: преобразование "sf::Int64" в "float", возможна потеря данных
  Создание кода...
  Survival.vcxproj -> C:\Users\Владимир\Desktop\Survival\Debug\Survival.exe
