c:\users\владимир\desktop\survival\survival\debug\survival.pch
c:\users\владимир\desktop\survival\survival\debug\vc141.pdb
c:\users\владимир\desktop\survival\survival\debug\vc141.idb
c:\users\владимир\desktop\survival\survival\debug\stdafx.obj
c:\users\владимир\desktop\survival\survival\debug\animation.obj
c:\users\владимир\desktop\survival\survival\debug\entity.obj
c:\users\владимир\desktop\survival\survival\debug\map.obj
c:\users\владимир\desktop\survival\survival\debug\player.obj
c:\users\владимир\desktop\survival\survival\debug\progressbar.obj
c:\users\владимир\desktop\survival\survival\debug\survival.obj
c:\users\владимир\desktop\survival\debug\survival.pdb
c:\users\владимир\desktop\survival\survival\debug\survival.tlog\cl.command.1.tlog
c:\users\владимир\desktop\survival\survival\debug\survival.tlog\cl.read.1.tlog
c:\users\владимир\desktop\survival\survival\debug\survival.tlog\cl.write.1.tlog
c:\users\владимир\desktop\survival\survival\debug\survival.tlog\link-cvtres.read.1.tlog
c:\users\владимир\desktop\survival\survival\debug\survival.tlog\link-cvtres.write.1.tlog
c:\users\владимир\desktop\survival\survival\debug\survival.tlog\link-rc.read.1.tlog
c:\users\владимир\desktop\survival\survival\debug\survival.tlog\link-rc.write.1.tlog
c:\users\владимир\desktop\survival\survival\debug\survival.tlog\link.command.1.tlog
c:\users\владимир\desktop\survival\survival\debug\survival.tlog\link.read.1.tlog
c:\users\владимир\desktop\survival\survival\debug\survival.tlog\link.write.1.tlog
